<?xml version="1.0" encoding="UTF-8"?>
<testsuite xmlns:xsi="http://www.w3.org/2001/XMLSchema-instance" xsi:noNamespaceSchemaLocation="https://maven.apache.org/surefire/maven-surefire-plugin/xsd/surefire-test-report.xsd" name="com.nice.coday.ElectricityConsumptionCalculatorTest" time="0.202" tests="7" errors="0" skipped="0" failures="6">
  <properties>
[...]
</properties>
  <testcase name="test1" classname="com.nice.coday.ElectricityConsumptionCalculatorTest" time="0.034">
    <failure message="expected:&lt;690.6&gt; but was:&lt;0.0&gt;" type="java.lang.AssertionError"><![CDATA[java.lang.AssertionError: expected:<690.6> but was:<0.0>
	at com.nice.coday.ElectricityConsumptionCalculatorTest.test1(ElectricityConsumptionCalculatorTest.java:40)
]]></failure>
    <system-out><![CDATA[Vehicle Type: V1, Total Unit Consumed: 0.0, Total Time Required: 0, Number of Trips Finished: 0
Vehicle Type: V2, Total Unit Consumed: 0.0, Total Time Required: 0, Number of Trips Finished: 0
]]></system-out>
  </testcase>
  <testcase name="test2" classname="com.nice.coday.ElectricityConsumptionCalculatorTest" time="0.003">
    <failure message="expected:&lt;3972.0&gt; but was:&lt;0.0&gt;" type="java.lang.AssertionError"><![CDATA[java.lang.AssertionError: expected:<3972.0> but was:<0.0>
	at com.nice.coday.ElectricityConsumptionCalculatorTest.test2(ElectricityConsumptionCalculatorTest.java:97)
]]></failure>
    <system-out><![CDATA[Vehicle Type: V1, Total Unit Consumed: 0.0, Total Time Required: 0, Number of Trips Finished: 0
Vehicle Type: V2, Total Unit Consumed: 0.0, Total Time Required: 0, Number of Trips Finished: 0
Vehicle Type: V3, Total Unit Consumed: 0.0, Total Time Required: 0, Number of Trips Finished: 0
Vehicle Type: V4, Total Unit Consumed: 0.0, Total Time Required: 0, Number of Trips Finished: 0
Vehicle Type: V5, Total Unit Consumed: 0.0, Total Time Required: 0, Number of Trips Finished: 0
]]></system-out>
  </testcase>
  <testcase name="test3" classname="com.nice.coday.ElectricityConsumptionCalculatorTest" time="0.004"/>
  <testcase name="test4" classname="com.nice.coday.ElectricityConsumptionCalculatorTest" time="0.004">
    <failure message="expected:&lt;736.0&gt; but was:&lt;0.0&gt;" type="java.lang.AssertionError"><![CDATA[java.lang.AssertionError: expected:<736.0> but was:<0.0>
	at com.nice.coday.ElectricityConsumptionCalculatorTest.test4(ElectricityConsumptionCalculatorTest.java:156)
]]></failure>
    <system-out><![CDATA[Vehicle Type: V6, Total Unit Consumed: 0.0, Total Time Required: 0, Number of Trips Finished: 0
Vehicle Type: V7, Total Unit Consumed: 0.0, Total Time Required: 0, Number of Trips Finished: 0
Vehicle Type: V8, Total Unit Consumed: 0.0, Total Time Required: 0, Number of Trips Finished: 0
Vehicle Type: V9, Total Unit Consumed: 0.0, Total Time Required: 0, Number of Trips Finished: 0
Vehicle Type: V10, Total Unit Consumed: 0.0, Total Time Required: 0, Number of Trips Finished: 0
Vehicle Type: V1, Total Unit Consumed: 0.0, Total Time Required: 0, Number of Trips Finished: 0
Vehicle Type: V2, Total Unit Consumed: 0.0, Total Time Required: 0, Number of Trips Finished: 0
Vehicle Type: V3, Total Unit Consumed: 0.0, Total Time Required: 0, Number of Trips Finished: 0
Vehicle Type: V4, Total Unit Consumed: 0.0, Total Time Required: 0, Number of Trips Finished: 0
Vehicle Type: V5, Total Unit Consumed: 0.0, Total Time Required: 0, Number of Trips Finished: 0
]]></system-out>
  </testcase>
  <testcase name="test5" classname="com.nice.coday.ElectricityConsumptionCalculatorTest" time="0.013">
    <failure message="expected:&lt;351797.0&gt; but was:&lt;0.0&gt;" type="java.lang.AssertionError"><![CDATA[java.lang.AssertionError: expected:<351797.0> but was:<0.0>
	at com.nice.coday.ElectricityConsumptionCalculatorTest.test5(ElectricityConsumptionCalculatorTest.java:201)
]]></failure>
    <system-out><![CDATA[Vehicle Type: V6, Total Unit Consumed: 0.0, Total Time Required: 0, Number of Trips Finished: 0
Vehicle Type: V7, Total Unit Consumed: 0.0, Total Time Required: 0, Number of Trips Finished: 0
Vehicle Type: V8, Total Unit Consumed: 0.0, Total Time Required: 0, Number of Trips Finished: 0
Vehicle Type: V9, Total Unit Consumed: 0.0, Total Time Required: 0, Number of Trips Finished: 0
Vehicle Type: V10, Total Unit Consumed: 0.0, Total Time Required: 0, Number of Trips Finished: 0
Vehicle Type: V1, Total Unit Consumed: 0.0, Total Time Required: 0, Number of Trips Finished: 0
Vehicle Type: V2, Total Unit Consumed: 0.0, Total Time Required: 0, Number of Trips Finished: 0
Vehicle Type: V3, Total Unit Consumed: 0.0, Total Time Required: 0, Number of Trips Finished: 0
Vehicle Type: V4, Total Unit Consumed: 0.0, Total Time Required: 0, Number of Trips Finished: 0
Vehicle Type: V5, Total Unit Consumed: 0.0, Total Time Required: 0, Number of Trips Finished: 0
]]></system-out>
  </testcase>
  <testcase name="test6" classname="com.nice.coday.ElectricityConsumptionCalculatorTest" time="0.074">
    <failure message="expected:&lt;2741580.0&gt; but was:&lt;0.0&gt;" type="java.lang.AssertionError"><![CDATA[java.lang.AssertionError: expected:<2741580.0> but was:<0.0>
	at com.nice.coday.ElectricityConsumptionCalculatorTest.test6(ElectricityConsumptionCalculatorTest.java:241)
]]></failure>
    <system-out><![CDATA[Vehicle Type: V6, Total Unit Consumed: 0.0, Total Time Required: 0, Number of Trips Finished: 0
Vehicle Type: V7, Total Unit Consumed: 0.0, Total Time Required: 0, Number of Trips Finished: 0
Vehicle Type: V8, Total Unit Consumed: 0.0, Total Time Required: 0, Number of Trips Finished: 0
Vehicle Type: V9, Total Unit Consumed: 0.0, Total Time Required: 0, Number of Trips Finished: 0
Vehicle Type: V10, Total Unit Consumed: 0.0, Total Time Required: 0, Number of Trips Finished: 0
Vehicle Type: V20, Total Unit Consumed: 0.0, Total Time Required: 0, Number of Trips Finished: 0
Vehicle Type: V12, Total Unit Consumed: 0.0, Total Time Required: 0, Number of Trips Finished: 0
Vehicle Type: V11, Total Unit Consumed: 0.0, Total Time Required: 0, Number of Trips Finished: 0
Vehicle Type: V14, Total Unit Consumed: 0.0, Total Time Required: 0, Number of Trips Finished: 0
Vehicle Type: V13, Total Unit Consumed: 0.0, Total Time Required: 0, Number of Trips Finished: 0
Vehicle Type: V16, Total Unit Consumed: 0.0, Total Time Required: 0, Number of Trips Finished: 0
Vehicle Type: V1, Total Unit Consumed: 0.0, Total Time Required: 0, Number of Trips Finished: 0
Vehicle Type: V15, Total Unit Consumed: 0.0, Total Time Required: 0, Number of Trips Finished: 0
Vehicle Type: V2, Total Unit Consumed: 0.0, Total Time Required: 0, Number of Trips Finished: 0
Vehicle Type: V18, Total Unit Consumed: 0.0, Total Time Required: 0, Number of Trips Finished: 0
Vehicle Type: V3, Total Unit Consumed: 0.0, Total Time Required: 0, Number of Trips Finished: 0
Vehicle Type: V17, Total Unit Consumed: 0.0, Total Time Required: 0, Number of Trips Finished: 0
Vehicle Type: V4, Total Unit Consumed: 0.0, Total Time Required: 0, Number of Trips Finished: 0
Vehicle Type: V5, Total Unit Consumed: 0.0, Total Time Required: 0, Number of Trips Finished: 0
Vehicle Type: V19, Total Unit Consumed: 0.0, Total Time Required: 0, Number of Trips Finished: 0
actualTotalUnitsConsumed : 0.0
]]></system-out>
  </testcase>
  <testcase name="test7" classname="com.nice.coday.ElectricityConsumptionCalculatorTest" time="0.048">
    <failure message="expected:&lt;1.2823458E7&gt; but was:&lt;0.0&gt;" type="java.lang.AssertionError"><![CDATA[java.lang.AssertionError: expected:<1.2823458E7> but was:<0.0>
	at com.nice.coday.ElectricityConsumptionCalculatorTest.test7(ElectricityConsumptionCalculatorTest.java:285)
]]></failure>
    <system-out><![CDATA[Vehicle Type: V21, Total Unit Consumed: 0.0, Total Time Required: 0, Number of Trips Finished: 0
Vehicle Type: V20, Total Unit Consumed: 0.0, Total Time Required: 0, Number of Trips Finished: 0
Vehicle Type: V23, Total Unit Consumed: 0.0, Total Time Required: 0, Number of Trips Finished: 0
Vehicle Type: V22, Total Unit Consumed: 0.0, Total Time Required: 0, Number of Trips Finished: 0
Vehicle Type: V25, Total Unit Consumed: 0.0, Total Time Required: 0, Number of Trips Finished: 0
Vehicle Type: V24, Total Unit Consumed: 0.0, Total Time Required: 0, Number of Trips Finished: 0
Vehicle Type: V27, Total Unit Consumed: 0.0, Total Time Required: 0, Number of Trips Finished: 0
Vehicle Type: V1, Total Unit Consumed: 0.0, Total Time Required: 0, Number of Trips Finished: 0
Vehicle Type: V26, Total Unit Consumed: 0.0, Total Time Required: 0, Number of Trips Finished: 0
Vehicle Type: V2, Total Unit Consumed: 0.0, Total Time Required: 0, Number of Trips Finished: 0
Vehicle Type: V29, Total Unit Consumed: 0.0, Total Time Required: 0, Number of Trips Finished: 0
Vehicle Type: V3, Total Unit Consumed: 0.0, Total Time Required: 0, Number of Trips Finished: 0
Vehicle Type: V28, Total Unit Consumed: 0.0, Total Time Required: 0, Number of Trips Finished: 0
Vehicle Type: V4, Total Unit Consumed: 0.0, Total Time Required: 0, Number of Trips Finished: 0
Vehicle Type: V5, Total Unit Consumed: 0.0, Total Time Required: 0, Number of Trips Finished: 0
Vehicle Type: V6, Total Unit Consumed: 0.0, Total Time Required: 0, Number of Trips Finished: 0
Vehicle Type: V7, Total Unit Consumed: 0.0, Total Time Required: 0, Number of Trips Finished: 0
Vehicle Type: V8, Total Unit Consumed: 0.0, Total Time Required: 0, Number of Trips Finished: 0
Vehicle Type: V9, Total Unit Consumed: 0.0, Total Time Required: 0, Number of Trips Finished: 0
Vehicle Type: V30, Total Unit Consumed: 0.0, Total Time Required: 0, Number of Trips Finished: 0
Vehicle Type: V10, Total Unit Consumed: 0.0, Total Time Required: 0, Number of Trips Finished: 0
Vehicle Type: V12, Total Unit Consumed: 0.0, Total Time Required: 0, Number of Trips Finished: 0
Vehicle Type: V11, Total Unit Consumed: 0.0, Total Time Required: 0, Number of Trips Finished: 0
Vehicle Type: V14, Total Unit Consumed: 0.0, Total Time Required: 0, Number of Trips Finished: 0
Vehicle Type: V13, Total Unit Consumed: 0.0, Total Time Required: 0, Number of Trips Finished: 0
Vehicle Type: V16, Total Unit Consumed: 0.0, Total Time Required: 0, Number of Trips Finished: 0
Vehicle Type: V15, Total Unit Consumed: 0.0, Total Time Required: 0, Number of Trips Finished: 0
Vehicle Type: V18, Total Unit Consumed: 0.0, Total Time Required: 0, Number of Trips Finished: 0
Vehicle Type: V17, Total Unit Consumed: 0.0, Total Time Required: 0, Number of Trips Finished: 0
Vehicle Type: V19, Total Unit Consumed: 0.0, Total Time Required: 0, Number of Trips Finished: 0
]]></system-out>
  </testcase>
</testsuite>